{
  "RSpec": {
    "coverage": {
      "/home/ec2-user/url-lookup-service/spec/config/initializers/redis_spec.rb": [
        1,
        null,
        1,
        1,
        1,
        1,
        1,
        null,
        null,
        null
      ],
      "/home/ec2-user/url-lookup-service/spec/rails_helper.rb": [
        null,
        1,
        1,
        1,
        null,
        1,
        1,
        null,
        1,
        1,
        null,
        null,
        null,
        null,
        null,
        null,
        null,
        null,
        null,
        null,
        null,
        null,
        null,
        null,
        null,
        2,
        null,
        null,
        null,
        1,
        null,
        1,
        null,
        1,
        null,
        null,
        null,
        null,
        1,
        null,
        null,
        null,
        null,
        null,
        null,
        null,
        null,
        null,
        null,
        null,
        null,
        null,
        null,
        1,
        null,
        null,
        1,
        null,
        null,
        null,
        null,
        1,
        null,
        1,
        null,
        null,
        1,
        1,
        1,
        null,
        null,
        null,
        null,
        1,
        1,
        1,
        1,
        null,
        null,
        null
      ],
      "/home/ec2-user/url-lookup-service/config/environment.rb": [
        null,
        1,
        null,
        1,
        1,
        null,
        1,
        1,
        2,
        2,
        null,
        null,
        null,
        1
      ],
      "/home/ec2-user/url-lookup-service/config/application.rb": [
        1,
        null,
        1,
        null,
        1,
        1,
        1,
        1,
        1,
        1,
        1,
        null,
        null,
        null,
        null,
        null,
        1,
        null,
        1,
        1,
        null,
        1,
        null,
        null,
        null,
        null,
        null,
        null,
        null,
        null,
        1,
        null,
        null
      ],
      "/home/ec2-user/url-lookup-service/config/boot.rb": [
        1,
        null,
        1
      ],
      "/home/ec2-user/url-lookup-service/config/environments/test.rb": [
        1,
        null,
        null,
        null,
        null,
        null,
        null,
        1,
        null,
        null,
        null,
        null,
        1,
        null,
        null,
        1,
        1,
        null,
        null,
        null,
        null,
        1,
        1,
        null,
        null,
        1,
        null,
        null,
        1,
        1,
        null,
        null,
        null,
        null,
        1,
        null,
        null,
        1,
        null,
        null,
        null,
        null
      ],
      "/home/ec2-user/url-lookup-service/config/initializers/application_controller_renderer.rb": [
        null,
        null,
        null,
        null,
        null,
        null
      ],
      "/home/ec2-user/url-lookup-service/config/initializers/backtrace_silencers.rb": [
        null,
        null,
        null,
        null,
        null,
        null,
        null
      ],
      "/home/ec2-user/url-lookup-service/config/initializers/cors.rb": [
        null,
        null,
        null,
        null,
        null,
        null,
        null,
        null,
        null,
        null,
        null,
        null,
        null,
        null,
        null,
        null
      ],
      "/home/ec2-user/url-lookup-service/config/initializers/filter_parameter_logging.rb": [
        null,
        null,
        null,
        1
      ],
      "/home/ec2-user/url-lookup-service/config/initializers/inflections.rb": [
        null,
        null,
        null,
        null,
        null,
        null,
        null,
        null,
        null,
        null,
        null,
        null,
        null,
        null,
        null,
        null
      ],
      "/home/ec2-user/url-lookup-service/config/initializers/mime_types.rb": [
        null,
        null,
        null,
        null
      ],
      "/home/ec2-user/url-lookup-service/config/initializers/redis.rb": [
        1,
        1,
        1,
        523,
        1046,
        null,
        523,
        null,
        null,
        null
      ],
      "/home/ec2-user/url-lookup-service/config/initializers/wrap_parameters.rb": [
        null,
        null,
        null,
        null,
        null,
        null,
        1,
        2,
        null,
        null,
        null,
        null,
        null,
        null
      ],
      "/home/ec2-user/url-lookup-service/spec/factories/urlinfo.rb": [
        1,
        1,
        171,
        171,
        171,
        171,
        171,
        null,
        null
      ],
      "/home/ec2-user/url-lookup-service/config/routes.rb": [
        1,
        null,
        1,
        null,
        1,
        1,
        1,
        1,
        null,
        null,
        null,
        null,
        1,
        null,
        null,
        null,
        null,
        1,
        null,
        null,
        null,
        null
      ],
      "/home/ec2-user/url-lookup-service/spec/support/request_spec_helper.rb": [
        null,
        1,
        null,
        1,
        5,
        null,
        null
      ],
      "/home/ec2-user/url-lookup-service/spec/controllers/urls_controller_spec.rb": [
        1,
        null,
        1,
        null,
        null
      ],
      "/home/ec2-user/url-lookup-service/app/controllers/urlinfos_controller.rb": [
        1,
        1,
        1,
        1,
        null,
        1,
        2,
        2,
        null,
        null,
        1,
        6,
        0,
        null,
        null,
        1,
        2,
        null,
        null,
        1,
        0,
        0,
        null,
        null,
        1,
        2,
        null,
        null,
        1,
        2,
        2,
        0,
        null,
        0,
        0,
        null,
        null,
        null,
        null,
        null,
        0,
        null,
        null,
        null,
        null,
        null,
        0,
        0,
        0,
        null,
        null,
        1,
        0,
        0,
        null,
        null,
        1,
        null,
        1,
        4,
        null,
        null,
        1,
        null,
        null,
        2,
        null,
        2,
        null,
        2,
        2,
        null,
        0,
        null,
        null,
        null,
        1,
        0,
        0,
        0,
        0,
        0,
        0,
        null,
        null,
        1,
        2,
        2,
        null,
        null,
        null,
        2,
        2,
        2,
        null,
        null,
        null,
        1,
        2,
        null,
        null,
        null,
        null,
        null,
        null,
        1,
        4,
        0,
        null,
        4,
        null,
        null,
        null
      ],
      "/home/ec2-user/url-lookup-service/app/controllers/application_controller.rb": [
        1,
        1,
        1,
        null
      ],
      "/home/ec2-user/url-lookup-service/app/controllers/concerns/response.rb": [
        1,
        1,
        14,
        null,
        null
      ],
      "/home/ec2-user/url-lookup-service/app/controllers/concerns/exception_handler.rb": [
        1,
        1,
        null,
        1,
        1,
        2,
        null,
        null,
        1,
        6,
        null,
        null,
        null
      ],
      "/home/ec2-user/url-lookup-service/spec/models/urlinfo_spec.rb": [
        1,
        null,
        1,
        null,
        null,
        2,
        2,
        2,
        null
      ],
      "/home/ec2-user/url-lookup-service/app/models/urlinfo.rb": [
        1,
        null,
        1,
        null,
        1,
        1,
        null,
        1,
        170,
        170,
        null,
        null,
        1,
        0,
        0,
        null,
        null,
        1,
        2,
        2,
        null,
        null,
        1,
        2,
        2,
        null,
        null,
        1,
        null,
        1,
        174,
        174,
        174,
        null,
        null
      ],
      "/home/ec2-user/url-lookup-service/app/models/application_record.rb": [
        1,
        1,
        null
      ],
      "/home/ec2-user/url-lookup-service/spec/requests/urlinfos_spec.rb": [
        1,
        null,
        1,
        null,
        18,
        3,
        1,
        3,
        3,
        3,
        null,
        null,
        1,
        null,
        3,
        null,
        1,
        1,
        1,
        null,
        null,
        1,
        1,
        null,
        null,
        null,
        1,
        5,
        null,
        1,
        1,
        1,
        1,
        null,
        null,
        1,
        1,
        null,
        null,
        null,
        1,
        3,
        null,
        1,
        1,
        null,
        null,
        1,
        1,
        null,
        null,
        null,
        null,
        1,
        3,
        null,
        1,
        1,
        1,
        null,
        null,
        1,
        1,
        null,
        null,
        null,
        null,
        1,
        3,
        null,
        1,
        3,
        null,
        1,
        0,
        0,
        0,
        null,
        null,
        1,
        0,
        null,
        null,
        null,
        1,
        3,
        null,
        1,
        1,
        null,
        null,
        1,
        1,
        null,
        null,
        null,
        null,
        1,
        3,
        null,
        1,
        1,
        null,
        null,
        1,
        1,
        null,
        null,
        null,
        null,
        1,
        3,
        null,
        1,
        1,
        null,
        null,
        1,
        1,
        null,
        null,
        null,
        null,
        null,
        1,
        2,
        null,
        1,
        0,
        null,
        null,
        null
      ]
    },
    "timestamp": 1501708804
  }
}
